Started on Mar 25, 2021 9:58:52 PM
Started by event from 140.82.115.146 ⇒ http://173.37.213.71:8080/github-webhook/ on Thu Mar 25 21:58:52 UTC 2021
Using strategy: Default
[poll] Last Built Revision: Revision baa5e491e4f4bfea8d0d4578748c1b8729c81c8d (refs/remotes/origin/master)
Selected Git installation does not exist. Using Default
The recommended git tool is: NONE
No credentials specified
 > /usr/bin/git --version # timeout=10
 > git --version # 'git version 2.20.1'
 > /usr/bin/git ls-remote -h -- https://github.com/soumukhe/jenkins-NAE-cicd-.git # timeout=10
Found 1 remote heads on https://github.com/soumukhe/jenkins-NAE-cicd-.git
[poll] Latest remote head revision on refs/heads/master is: 3db9beadb34573667d112ecf888e28ed70e769ae
Using strategy: Default
[poll] Last Built Revision: Revision baa5e491e4f4bfea8d0d4578748c1b8729c81c8d (refs/remotes/origin/master)
Selected Git installation does not exist. Using Default
The recommended git tool is: NONE
No credentials specified
 > /usr/bin/git --version # timeout=10
 > git --version # 'git version 2.20.1'
 > /usr/bin/git ls-remote -h -- https://github.com/soumukhe/jenkins-NAE-cicd-.git # timeout=10
Found 1 remote heads on https://github.com/soumukhe/jenkins-NAE-cicd-.git
[poll] Latest remote head revision on refs/heads/master is: 3db9beadb34573667d112ecf888e28ed70e769ae
Done. Took 0.62 sec
Changes found
