Started on Mar 26, 2021 3:37:16 AM
Started by event from 140.82.115.155 ⇒ http://173.37.213.71:8080/github-webhook/ on Fri Mar 26 03:37:16 UTC 2021
Using strategy: Default
[poll] Last Built Revision: Revision 270cdcccab06e9d18558be9ab66d29c1376a440f (refs/remotes/origin/master)
Selected Git installation does not exist. Using Default
The recommended git tool is: NONE
No credentials specified
 > /usr/bin/git --version # timeout=10
 > git --version # 'git version 2.20.1'
 > /usr/bin/git ls-remote -h -- https://github.com/soumukhe/jenkins-NAE-cicd-.git # timeout=10
Found 1 remote heads on https://github.com/soumukhe/jenkins-NAE-cicd-.git
[poll] Latest remote head revision on refs/heads/master is: 3d99d3bbd300c71c898cbdfffe03d29ecc49f3d8
Using strategy: Default
[poll] Last Built Revision: Revision 270cdcccab06e9d18558be9ab66d29c1376a440f (refs/remotes/origin/master)
Selected Git installation does not exist. Using Default
The recommended git tool is: NONE
No credentials specified
 > /usr/bin/git --version # timeout=10
 > git --version # 'git version 2.20.1'
 > /usr/bin/git ls-remote -h -- https://github.com/soumukhe/jenkins-NAE-cicd-.git # timeout=10
Found 1 remote heads on https://github.com/soumukhe/jenkins-NAE-cicd-.git
[poll] Latest remote head revision on refs/heads/master is: 3d99d3bbd300c71c898cbdfffe03d29ecc49f3d8
Done. Took 0.6 sec
Changes found
