Started on Mar 25, 2021 8:07:56 PM
Started by event from 140.82.115.147 ⇒ http://173.37.213.71:8080/github-webhook/ on Thu Mar 25 20:07:56 UTC 2021
Using strategy: Default
[poll] Last Built Revision: Revision 30cdbeaec8e51e8629db3dc04a0c852220071ee1 (refs/remotes/origin/master)
Selected Git installation does not exist. Using Default
The recommended git tool is: NONE
No credentials specified
 > /usr/bin/git --version # timeout=10
 > git --version # 'git version 2.20.1'
 > /usr/bin/git ls-remote -h -- https://github.com/soumukhe/jenkins-NAE-cicd-.git # timeout=10
Found 1 remote heads on https://github.com/soumukhe/jenkins-NAE-cicd-.git
[poll] Latest remote head revision on refs/heads/master is: 5dfd7e93a96e593170426fd9d0d4ca3cf842dc31
Using strategy: Default
[poll] Last Built Revision: Revision 30cdbeaec8e51e8629db3dc04a0c852220071ee1 (refs/remotes/origin/master)
Selected Git installation does not exist. Using Default
The recommended git tool is: NONE
No credentials specified
 > /usr/bin/git --version # timeout=10
 > git --version # 'git version 2.20.1'
 > /usr/bin/git ls-remote -h -- https://github.com/soumukhe/jenkins-NAE-cicd-.git # timeout=10
Found 1 remote heads on https://github.com/soumukhe/jenkins-NAE-cicd-.git
[poll] Latest remote head revision on refs/heads/master is: 5dfd7e93a96e593170426fd9d0d4ca3cf842dc31
Done. Took 0.61 sec
Changes found
