Started on Mar 26, 2021 4:24:54 AM
Started by event from 140.82.115.240 ⇒ http://173.37.213.71:8080/github-webhook/ on Fri Mar 26 04:24:54 UTC 2021
Using strategy: Default
[poll] Last Built Revision: Revision 37bec43d87d414579431ef2b14e9d6342e243d18 (refs/remotes/origin/master)
Selected Git installation does not exist. Using Default
The recommended git tool is: NONE
No credentials specified
 > /usr/bin/git --version # timeout=10
 > git --version # 'git version 2.20.1'
 > /usr/bin/git ls-remote -h -- https://github.com/soumukhe/jenkins-NAE-cicd-.git # timeout=10
Found 1 remote heads on https://github.com/soumukhe/jenkins-NAE-cicd-.git
[poll] Latest remote head revision on refs/heads/master is: 5ef389e0981f5beeb84e65a4a1de451e885d066d
Using strategy: Default
[poll] Last Built Revision: Revision 37bec43d87d414579431ef2b14e9d6342e243d18 (refs/remotes/origin/master)
Selected Git installation does not exist. Using Default
The recommended git tool is: NONE
No credentials specified
 > /usr/bin/git --version # timeout=10
 > git --version # 'git version 2.20.1'
 > /usr/bin/git ls-remote -h -- https://github.com/soumukhe/jenkins-NAE-cicd-.git # timeout=10
Found 1 remote heads on https://github.com/soumukhe/jenkins-NAE-cicd-.git
[poll] Latest remote head revision on refs/heads/master is: 5ef389e0981f5beeb84e65a4a1de451e885d066d
Done. Took 0.61 sec
Changes found
