Started on Mar 25, 2021 11:27:35 PM
Started by event from 140.82.115.243 ⇒ http://173.37.213.71:8080/github-webhook/ on Thu Mar 25 23:27:35 UTC 2021
Using strategy: Default
[poll] Last Built Revision: Revision 51bda82f87ba639b3abb650225888a66337525e8 (refs/remotes/origin/master)
Selected Git installation does not exist. Using Default
The recommended git tool is: NONE
No credentials specified
 > /usr/bin/git --version # timeout=10
 > git --version # 'git version 2.20.1'
 > /usr/bin/git ls-remote -h -- https://github.com/soumukhe/jenkins-NAE-cicd-.git # timeout=10
Found 1 remote heads on https://github.com/soumukhe/jenkins-NAE-cicd-.git
[poll] Latest remote head revision on refs/heads/master is: d587c196af0e622f546330de2fc5a36d63557da4
Using strategy: Default
[poll] Last Built Revision: Revision 51bda82f87ba639b3abb650225888a66337525e8 (refs/remotes/origin/master)
Selected Git installation does not exist. Using Default
The recommended git tool is: NONE
No credentials specified
 > /usr/bin/git --version # timeout=10
 > git --version # 'git version 2.20.1'
 > /usr/bin/git ls-remote -h -- https://github.com/soumukhe/jenkins-NAE-cicd-.git # timeout=10
Found 1 remote heads on https://github.com/soumukhe/jenkins-NAE-cicd-.git
[poll] Latest remote head revision on refs/heads/master is: d587c196af0e622f546330de2fc5a36d63557da4
Done. Took 0.64 sec
Changes found
