Started on Mar 25, 2021 10:04:36 PM
Started by event from 140.82.115.150 ⇒ http://173.37.213.71:8080/github-webhook/ on Thu Mar 25 22:04:36 UTC 2021
Using strategy: Default
[poll] Last Built Revision: Revision 3db9beadb34573667d112ecf888e28ed70e769ae (refs/remotes/origin/master)
Selected Git installation does not exist. Using Default
The recommended git tool is: NONE
No credentials specified
 > /usr/bin/git --version # timeout=10
 > git --version # 'git version 2.20.1'
 > /usr/bin/git ls-remote -h -- https://github.com/soumukhe/jenkins-NAE-cicd-.git # timeout=10
Found 1 remote heads on https://github.com/soumukhe/jenkins-NAE-cicd-.git
[poll] Latest remote head revision on refs/heads/master is: c79e0dd76c20510af87735d2bde2bb19efaff496
Using strategy: Default
[poll] Last Built Revision: Revision 3db9beadb34573667d112ecf888e28ed70e769ae (refs/remotes/origin/master)
Selected Git installation does not exist. Using Default
The recommended git tool is: NONE
No credentials specified
 > /usr/bin/git --version # timeout=10
 > git --version # 'git version 2.20.1'
 > /usr/bin/git ls-remote -h -- https://github.com/soumukhe/jenkins-NAE-cicd-.git # timeout=10
Found 1 remote heads on https://github.com/soumukhe/jenkins-NAE-cicd-.git
[poll] Latest remote head revision on refs/heads/master is: c79e0dd76c20510af87735d2bde2bb19efaff496
Done. Took 0.61 sec
Changes found
