--- Copying files at Mon 22 Mar 2021 04:57:31 PM UTC
--- Copying files at Mon 22 Mar 2021 07:18:24 PM UTC
--- Copying files at Mon 22 Mar 2021 07:18:25 PM UTC
--- Copying files at Mon 22 Mar 2021 07:18:26 PM UTC
--- Copying files at Mon 22 Mar 2021 07:18:27 PM UTC
--- Copying files at Mon 22 Mar 2021 07:18:28 PM UTC
--- Copying files at Mon 22 Mar 2021 07:18:30 PM UTC
--- Copying files at Mon 22 Mar 2021 07:18:34 PM UTC
--- Copying files at Mon 22 Mar 2021 07:18:41 PM UTC
--- Copying files at Mon 22 Mar 2021 07:18:54 PM UTC
--- Copying files at Mon 22 Mar 2021 07:19:20 PM UTC
--- Copying files at Mon 22 Mar 2021 07:20:12 PM UTC
--- Copying files at Mon 22 Mar 2021 07:21:13 PM UTC
--- Copying files at Mon 22 Mar 2021 07:22:13 PM UTC
--- Copying files at Mon 22 Mar 2021 07:22:19 PM UTC
--- Copying files at Mon 22 Mar 2021 07:22:20 PM UTC
--- Copying files at Mon 22 Mar 2021 07:22:20 PM UTC
--- Copying files at Mon 22 Mar 2021 07:22:21 PM UTC
--- Copying files at Mon 22 Mar 2021 07:22:23 PM UTC
--- Copying files at Mon 22 Mar 2021 07:22:25 PM UTC
--- Copying files at Mon 22 Mar 2021 07:22:29 PM UTC
--- Copying files at Mon 22 Mar 2021 07:22:36 PM UTC
--- Copying files at Mon 22 Mar 2021 07:22:49 PM UTC
--- Copying files at Mon 22 Mar 2021 07:23:15 PM UTC
--- Copying files at Mon 22 Mar 2021 07:24:07 PM UTC
--- Copying files at Mon 22 Mar 2021 07:25:07 PM UTC
--- Copying files at Mon 22 Mar 2021 07:26:08 PM UTC
--- Copying files at Mon 22 Mar 2021 07:27:09 PM UTC
--- Copying files at Mon 22 Mar 2021 07:28:05 PM UTC
--- Copying files at Mon 22 Mar 2021 07:28:06 PM UTC
--- Copying files at Mon 22 Mar 2021 07:28:06 PM UTC
--- Copying files at Mon 22 Mar 2021 07:28:07 PM UTC
--- Copying files at Mon 22 Mar 2021 07:28:09 PM UTC
--- Copying files at Mon 22 Mar 2021 07:28:11 PM UTC
--- Copying files at Mon 22 Mar 2021 07:28:15 PM UTC
--- Copying files at Mon 22 Mar 2021 07:28:22 PM UTC
--- Copying files at Mon 22 Mar 2021 07:28:35 PM UTC
--- Copying files at Mon 22 Mar 2021 07:29:01 PM UTC
--- Copying files at Mon 22 Mar 2021 07:29:34 PM UTC
--- Copying files at Mon 22 Mar 2021 07:29:35 PM UTC
--- Copying files at Mon 22 Mar 2021 07:29:36 PM UTC
--- Copying files at Mon 22 Mar 2021 07:29:37 PM UTC
--- Copying files at Mon 22 Mar 2021 07:29:38 PM UTC
--- Copying files at Mon 22 Mar 2021 07:29:40 PM UTC
--- Copying files at Mon 22 Mar 2021 07:29:44 PM UTC
--- Copying files at Mon 22 Mar 2021 07:29:51 PM UTC
--- Copying files at Mon 22 Mar 2021 07:30:04 PM UTC
--- Copying files at Mon 22 Mar 2021 07:30:31 PM UTC
--- Copying files at Mon 22 Mar 2021 07:31:22 PM UTC
--- Copying files at Mon 22 Mar 2021 07:31:37 PM UTC
--- Copying files at Mon 22 Mar 2021 07:31:37 PM UTC
--- Copying files at Mon 22 Mar 2021 07:31:38 PM UTC
--- Copying files at Mon 22 Mar 2021 07:31:39 PM UTC
--- Copying files at Mon 22 Mar 2021 07:31:41 PM UTC
--- Copying files at Mon 22 Mar 2021 07:31:43 PM UTC
--- Copying files at Mon 22 Mar 2021 07:31:46 PM UTC
--- Copying files at Mon 22 Mar 2021 07:31:53 PM UTC
--- Copying files at Mon 22 Mar 2021 07:32:07 PM UTC
--- Copying files at Mon 22 Mar 2021 07:32:33 PM UTC
--- Copying files at Mon 22 Mar 2021 07:33:04 PM UTC
--- Copying files at Mon 22 Mar 2021 09:33:43 PM UTC
--- Copying files at Tue 23 Mar 2021 12:27:01 AM UTC
--- Copying files at Tue 23 Mar 2021 02:22:35 AM UTC
--- Copying files at Tue 23 Mar 2021 02:30:55 AM UTC
--- Copying files at Tue 23 Mar 2021 03:04:35 AM UTC
--- Copying files at Tue 23 Mar 2021 03:09:31 AM UTC
--- Copying files at Tue 23 Mar 2021 03:10:50 AM UTC
--- Copying files at Tue 23 Mar 2021 04:32:12 PM UTC
--- Copying files at Thu 25 Mar 2021 03:50:46 PM UTC
--- Copying files at Sat 27 Mar 2021 07:58:27 PM UTC
--- Copying files at Sun 28 Mar 2021 09:10:05 AM UTC
