Started on Mar 25, 2021 9:33:05 PM
Started by event from 140.82.115.251 ⇒ http://173.37.213.71:8080/github-webhook/ on Thu Mar 25 21:33:05 UTC 2021
Using strategy: Default
[poll] Last Built Revision: Revision 438e041397c5154f83a0289bf04fbaa89e7f76fe (refs/remotes/origin/master)
Selected Git installation does not exist. Using Default
The recommended git tool is: NONE
No credentials specified
 > /usr/bin/git --version # timeout=10
 > git --version # 'git version 2.20.1'
 > /usr/bin/git ls-remote -h -- https://github.com/soumukhe/jenkins-NAE-cicd-.git # timeout=10
Found 1 remote heads on https://github.com/soumukhe/jenkins-NAE-cicd-.git
[poll] Latest remote head revision on refs/heads/master is: d3dea2d1353224184ea30506856b8faaba058472
Using strategy: Default
[poll] Last Built Revision: Revision 438e041397c5154f83a0289bf04fbaa89e7f76fe (refs/remotes/origin/master)
Selected Git installation does not exist. Using Default
The recommended git tool is: NONE
No credentials specified
 > /usr/bin/git --version # timeout=10
 > git --version # 'git version 2.20.1'
 > /usr/bin/git ls-remote -h -- https://github.com/soumukhe/jenkins-NAE-cicd-.git # timeout=10
Found 1 remote heads on https://github.com/soumukhe/jenkins-NAE-cicd-.git
[poll] Latest remote head revision on refs/heads/master is: d3dea2d1353224184ea30506856b8faaba058472
Done. Took 0.63 sec
Changes found
