Started on Mar 25, 2021 10:42:48 PM
Started by event from 140.82.115.154 ⇒ http://173.37.213.71:8080/github-webhook/ on Thu Mar 25 22:42:48 UTC 2021
Using strategy: Default
[poll] Last Built Revision: Revision 3279977c2dc49aa86c126051ffa7d8465931614f (refs/remotes/origin/master)
Selected Git installation does not exist. Using Default
The recommended git tool is: NONE
No credentials specified
 > /usr/bin/git --version # timeout=10
 > git --version # 'git version 2.20.1'
 > /usr/bin/git ls-remote -h -- https://github.com/soumukhe/jenkins-NAE-cicd-.git # timeout=10
Found 1 remote heads on https://github.com/soumukhe/jenkins-NAE-cicd-.git
[poll] Latest remote head revision on refs/heads/master is: 6ae3b735f928a8ed81b644bfc921779cb2ea6f2c
Using strategy: Default
[poll] Last Built Revision: Revision 3279977c2dc49aa86c126051ffa7d8465931614f (refs/remotes/origin/master)
Selected Git installation does not exist. Using Default
The recommended git tool is: NONE
No credentials specified
 > /usr/bin/git --version # timeout=10
 > git --version # 'git version 2.20.1'
 > /usr/bin/git ls-remote -h -- https://github.com/soumukhe/jenkins-NAE-cicd-.git # timeout=10
Found 1 remote heads on https://github.com/soumukhe/jenkins-NAE-cicd-.git
[poll] Latest remote head revision on refs/heads/master is: 6ae3b735f928a8ed81b644bfc921779cb2ea6f2c
Done. Took 0.6 sec
Changes found
