Started on Mar 26, 2021 12:45:05 AM
Started by event from 140.82.115.241 ⇒ http://173.37.213.71:8080/github-webhook/ on Fri Mar 26 00:45:05 UTC 2021
Using strategy: Default
[poll] Last Built Revision: Revision 4226b967bbd602cec1d68f3e73b7f9b5a2c0765d (refs/remotes/origin/master)
Selected Git installation does not exist. Using Default
The recommended git tool is: NONE
No credentials specified
 > /usr/bin/git --version # timeout=10
 > git --version # 'git version 2.20.1'
 > /usr/bin/git ls-remote -h -- https://github.com/soumukhe/jenkins-NAE-cicd-.git # timeout=10
Found 1 remote heads on https://github.com/soumukhe/jenkins-NAE-cicd-.git
[poll] Latest remote head revision on refs/heads/master is: 3d7440a8a9c1ec4a4a236927bba7f07ffddb93f7
Using strategy: Default
[poll] Last Built Revision: Revision 4226b967bbd602cec1d68f3e73b7f9b5a2c0765d (refs/remotes/origin/master)
Selected Git installation does not exist. Using Default
The recommended git tool is: NONE
No credentials specified
 > /usr/bin/git --version # timeout=10
 > git --version # 'git version 2.20.1'
 > /usr/bin/git ls-remote -h -- https://github.com/soumukhe/jenkins-NAE-cicd-.git # timeout=10
Found 1 remote heads on https://github.com/soumukhe/jenkins-NAE-cicd-.git
[poll] Latest remote head revision on refs/heads/master is: 3d7440a8a9c1ec4a4a236927bba7f07ffddb93f7
Done. Took 0.6 sec
Changes found
