Started at Thu Mar 25 22:30:29 UTC 2021
Checking 1.ACI-Make-Tenant
Checking 1a.ACI-DeleteTenant
Checking 2.ACI-Make-VRF
Checking 3.ACI-Make-BD
Checking 4.Make-BD-Subnet
Checking 5.ACI-Make-Application-Profile
Checking 6.ACI-CreateContractsAndFilters
Checking 7.ACI-Create-EPG
Checking 8.ACI-AddContracts2EPG
Checking 9.ACI-Add-VMM-Bindings2EPGs
Checking ansible-centos7
Checking gitTestSCM-Polling
Checking gitTestWebhook
Checking myFirstJob
Checking NAE-PVC-DeclarativePipeline
Checking remote-task
Finished at Thu Mar 25 22:30:29 UTC 2021. 5ms
Started at Fri Mar 26 22:30:29 UTC 2021
Checking 1.ACI-Make-Tenant
Checking 1a.ACI-DeleteTenant
Checking 2.ACI-Make-VRF
Checking 3.ACI-Make-BD
Checking 4.Make-BD-Subnet
Checking 5.ACI-Make-Application-Profile
Checking 6.ACI-CreateContractsAndFilters
Checking 7.ACI-Create-EPG
Checking 8.ACI-AddContracts2EPG
Checking 9.ACI-Add-VMM-Bindings2EPGs
Checking ansible-centos7
Checking gitTestSCM-Polling
Checking gitTestWebhook
Checking myFirstJob
Checking NAE-PVC-DeclarativePipeline
Checking remote-task
Finished at Fri Mar 26 22:30:29 UTC 2021. 1ms
