Started on Mar 26, 2021 12:48:07 AM
Started by event from 140.82.115.241 ⇒ http://173.37.213.71:8080/github-webhook/ on Fri Mar 26 00:48:07 UTC 2021
Using strategy: Default
[poll] Last Built Revision: Revision 3d7440a8a9c1ec4a4a236927bba7f07ffddb93f7 (refs/remotes/origin/master)
Selected Git installation does not exist. Using Default
The recommended git tool is: NONE
No credentials specified
 > /usr/bin/git --version # timeout=10
 > git --version # 'git version 2.20.1'
 > /usr/bin/git ls-remote -h -- https://github.com/soumukhe/jenkins-NAE-cicd-.git # timeout=10
Found 1 remote heads on https://github.com/soumukhe/jenkins-NAE-cicd-.git
[poll] Latest remote head revision on refs/heads/master is: 270cdcccab06e9d18558be9ab66d29c1376a440f
Using strategy: Default
[poll] Last Built Revision: Revision 3d7440a8a9c1ec4a4a236927bba7f07ffddb93f7 (refs/remotes/origin/master)
Selected Git installation does not exist. Using Default
The recommended git tool is: NONE
No credentials specified
 > /usr/bin/git --version # timeout=10
 > git --version # 'git version 2.20.1'
 > /usr/bin/git ls-remote -h -- https://github.com/soumukhe/jenkins-NAE-cicd-.git # timeout=10
Found 1 remote heads on https://github.com/soumukhe/jenkins-NAE-cicd-.git
[poll] Latest remote head revision on refs/heads/master is: 270cdcccab06e9d18558be9ab66d29c1376a440f
Done. Took 0.61 sec
Changes found
