Started on Mar 25, 2021 11:12:38 PM
Started by event from 140.82.115.246 ⇒ http://173.37.213.71:8080/github-webhook/ on Thu Mar 25 23:12:38 UTC 2021
Using strategy: Default
[poll] Last Built Revision: Revision 76634132b4cd0fb8f6142d25c088db9d9a6c7122 (refs/remotes/origin/master)
Selected Git installation does not exist. Using Default
The recommended git tool is: NONE
No credentials specified
 > /usr/bin/git --version # timeout=10
 > git --version # 'git version 2.20.1'
 > /usr/bin/git ls-remote -h -- https://github.com/soumukhe/jenkins-NAE-cicd-.git # timeout=10
Found 1 remote heads on https://github.com/soumukhe/jenkins-NAE-cicd-.git
[poll] Latest remote head revision on refs/heads/master is: 51bda82f87ba639b3abb650225888a66337525e8
Using strategy: Default
[poll] Last Built Revision: Revision 76634132b4cd0fb8f6142d25c088db9d9a6c7122 (refs/remotes/origin/master)
Selected Git installation does not exist. Using Default
The recommended git tool is: NONE
No credentials specified
 > /usr/bin/git --version # timeout=10
 > git --version # 'git version 2.20.1'
 > /usr/bin/git ls-remote -h -- https://github.com/soumukhe/jenkins-NAE-cicd-.git # timeout=10
Found 1 remote heads on https://github.com/soumukhe/jenkins-NAE-cicd-.git
[poll] Latest remote head revision on refs/heads/master is: 51bda82f87ba639b3abb650225888a66337525e8
Done. Took 0.63 sec
Changes found
