Started on Mar 28, 2021 11:08:33 AM
Started by event from 140.82.115.240 ⇒ http://173.37.213.71:8080/github-webhook/ on Sun Mar 28 11:08:33 UTC 2021
Using strategy: Default
[poll] Last Built Revision: Revision 490feec790053089749a11a0ccef1044671ad832 (refs/remotes/origin/master)
Selected Git installation does not exist. Using Default
The recommended git tool is: NONE
No credentials specified
 > /usr/bin/git --version # timeout=10
 > git --version # 'git version 2.20.1'
 > /usr/bin/git ls-remote -h -- https://github.com/soumukhe/jenkins-NAE-cicd-.git # timeout=10
Found 1 remote heads on https://github.com/soumukhe/jenkins-NAE-cicd-.git
[poll] Latest remote head revision on refs/heads/master is: 31c6ffdbceaf024f795896116624b4645eb4ad0e
Using strategy: Default
[poll] Last Built Revision: Revision 490feec790053089749a11a0ccef1044671ad832 (refs/remotes/origin/master)
Selected Git installation does not exist. Using Default
The recommended git tool is: NONE
No credentials specified
 > /usr/bin/git --version # timeout=10
 > git --version # 'git version 2.20.1'
 > /usr/bin/git ls-remote -h -- https://github.com/soumukhe/jenkins-NAE-cicd-.git # timeout=10
Found 1 remote heads on https://github.com/soumukhe/jenkins-NAE-cicd-.git
[poll] Latest remote head revision on refs/heads/master is: 31c6ffdbceaf024f795896116624b4645eb4ad0e
Done. Took 0.62 sec
Changes found
