Started on Mar 25, 2021 11:03:43 PM
Started by event from 140.82.115.250 ⇒ http://173.37.213.71:8080/github-webhook/ on Thu Mar 25 23:03:43 UTC 2021
Using strategy: Default
[poll] Last Built Revision: Revision 2eff8096a696778194201cd06f8b75fb9a48b2e9 (refs/remotes/origin/master)
Selected Git installation does not exist. Using Default
The recommended git tool is: NONE
No credentials specified
 > /usr/bin/git --version # timeout=10
 > git --version # 'git version 2.20.1'
 > /usr/bin/git ls-remote -h -- https://github.com/soumukhe/jenkins-NAE-cicd-.git # timeout=10
Found 1 remote heads on https://github.com/soumukhe/jenkins-NAE-cicd-.git
[poll] Latest remote head revision on refs/heads/master is: 76634132b4cd0fb8f6142d25c088db9d9a6c7122
Using strategy: Default
[poll] Last Built Revision: Revision 2eff8096a696778194201cd06f8b75fb9a48b2e9 (refs/remotes/origin/master)
Selected Git installation does not exist. Using Default
The recommended git tool is: NONE
No credentials specified
 > /usr/bin/git --version # timeout=10
 > git --version # 'git version 2.20.1'
 > /usr/bin/git ls-remote -h -- https://github.com/soumukhe/jenkins-NAE-cicd-.git # timeout=10
Found 1 remote heads on https://github.com/soumukhe/jenkins-NAE-cicd-.git
[poll] Latest remote head revision on refs/heads/master is: 76634132b4cd0fb8f6142d25c088db9d9a6c7122
Done. Took 0.72 sec
Changes found
