Started on Mar 25, 2021 9:55:47 PM
Started by event from 140.82.115.245 ⇒ http://173.37.213.71:8080/github-webhook/ on Thu Mar 25 21:55:47 UTC 2021
Using strategy: Default
[poll] Last Built Revision: Revision 1dd5449cfd594aa39bc6a8f83494294cf471ce42 (refs/remotes/origin/master)
Selected Git installation does not exist. Using Default
The recommended git tool is: NONE
No credentials specified
 > /usr/bin/git --version # timeout=10
 > git --version # 'git version 2.20.1'
 > /usr/bin/git ls-remote -h -- https://github.com/soumukhe/jenkins-NAE-cicd-.git # timeout=10
Found 1 remote heads on https://github.com/soumukhe/jenkins-NAE-cicd-.git
[poll] Latest remote head revision on refs/heads/master is: baa5e491e4f4bfea8d0d4578748c1b8729c81c8d
Using strategy: Default
[poll] Last Built Revision: Revision 1dd5449cfd594aa39bc6a8f83494294cf471ce42 (refs/remotes/origin/master)
Selected Git installation does not exist. Using Default
The recommended git tool is: NONE
No credentials specified
 > /usr/bin/git --version # timeout=10
 > git --version # 'git version 2.20.1'
 > /usr/bin/git ls-remote -h -- https://github.com/soumukhe/jenkins-NAE-cicd-.git # timeout=10
Found 1 remote heads on https://github.com/soumukhe/jenkins-NAE-cicd-.git
[poll] Latest remote head revision on refs/heads/master is: baa5e491e4f4bfea8d0d4578748c1b8729c81c8d
Done. Took 0.71 sec
Changes found
