Started on Mar 26, 2021 4:47:19 AM
Started by event from 140.82.115.245 ⇒ http://173.37.213.71:8080/github-webhook/ on Fri Mar 26 04:47:19 UTC 2021
Using strategy: Default
[poll] Last Built Revision: Revision 65c30013939a87ca3a173d88b4f9a56b0f777973 (refs/remotes/origin/master)
Selected Git installation does not exist. Using Default
The recommended git tool is: NONE
No credentials specified
 > /usr/bin/git --version # timeout=10
 > git --version # 'git version 2.20.1'
 > /usr/bin/git ls-remote -h -- https://github.com/soumukhe/jenkins-NAE-cicd-.git # timeout=10
Found 1 remote heads on https://github.com/soumukhe/jenkins-NAE-cicd-.git
[poll] Latest remote head revision on refs/heads/master is: 81daec816e13f09ae279aa9de1405987773fa8ad
Using strategy: Default
[poll] Last Built Revision: Revision 65c30013939a87ca3a173d88b4f9a56b0f777973 (refs/remotes/origin/master)
Selected Git installation does not exist. Using Default
The recommended git tool is: NONE
No credentials specified
 > /usr/bin/git --version # timeout=10
 > git --version # 'git version 2.20.1'
 > /usr/bin/git ls-remote -h -- https://github.com/soumukhe/jenkins-NAE-cicd-.git # timeout=10
Found 1 remote heads on https://github.com/soumukhe/jenkins-NAE-cicd-.git
[poll] Latest remote head revision on refs/heads/master is: 81daec816e13f09ae279aa9de1405987773fa8ad
Done. Took 0.58 sec
Changes found
