Started on Mar 26, 2021 4:49:12 AM
Started by event from 140.82.115.153 ⇒ http://173.37.213.71:8080/github-webhook/ on Fri Mar 26 04:49:12 UTC 2021
Using strategy: Default
[poll] Last Built Revision: Revision 81daec816e13f09ae279aa9de1405987773fa8ad (refs/remotes/origin/master)
Selected Git installation does not exist. Using Default
The recommended git tool is: NONE
No credentials specified
 > /usr/bin/git --version # timeout=10
 > git --version # 'git version 2.20.1'
 > /usr/bin/git ls-remote -h -- https://github.com/soumukhe/jenkins-NAE-cicd-.git # timeout=10
Found 1 remote heads on https://github.com/soumukhe/jenkins-NAE-cicd-.git
[poll] Latest remote head revision on refs/heads/master is: f12aabd9e0a8ce11fef9ac15a746a7a00112dccd
Using strategy: Default
[poll] Last Built Revision: Revision 81daec816e13f09ae279aa9de1405987773fa8ad (refs/remotes/origin/master)
Selected Git installation does not exist. Using Default
The recommended git tool is: NONE
No credentials specified
 > /usr/bin/git --version # timeout=10
 > git --version # 'git version 2.20.1'
 > /usr/bin/git ls-remote -h -- https://github.com/soumukhe/jenkins-NAE-cicd-.git # timeout=10
Found 1 remote heads on https://github.com/soumukhe/jenkins-NAE-cicd-.git
[poll] Latest remote head revision on refs/heads/master is: f12aabd9e0a8ce11fef9ac15a746a7a00112dccd
Done. Took 0.69 sec
Changes found
